11:51:02 com_github_bouni_kicad-jlcpcb-tools.store 207: Part MX60 does not exist in the database and will be created from the board.
11:51:02 com_github_bouni_kicad-jlcpcb-tools.store 207: Part MX61 does not exist in the database and will be created from the board.
11:51:02 com_github_bouni_kicad-jlcpcb-tools.store 231: Part MX60 is already in the database but value, footprint, bom or pos values changed in the board file, part will be updated, lcsc overwritten/cleared.
11:51:02 com_github_bouni_kicad-jlcpcb-tools.store 207: Part MX58 does not exist in the database and will be created from the board.
11:51:02 com_github_bouni_kicad-jlcpcb-tools.store 231: Part MX60 is already in the database but value, footprint, bom or pos values changed in the board file, part will be updated, lcsc overwritten/cleared.
11:51:02 com_github_bouni_kicad-jlcpcb-tools.store 231: Part MX23 is already in the database but value, footprint, bom or pos values changed in the board file, part will be updated, lcsc overwritten/cleared.
11:51:02 com_github_bouni_kicad-jlcpcb-tools.store 231: Part MX27 is already in the database but value, footprint, bom or pos values changed in the board file, part will be updated, lcsc overwritten/cleared.
11:51:02 com_github_bouni_kicad-jlcpcb-tools.store 231: Part MX36 is already in the database but value, footprint, bom or pos values changed in the board file, part will be updated, lcsc overwritten/cleared.
11:51:02 com_github_bouni_kicad-jlcpcb-tools.store 207: Part MX53 does not exist in the database and will be created from the board.
11:51:02 com_github_bouni_kicad-jlcpcb-tools.store 207: Part MX49 does not exist in the database and will be created from the board.
11:51:02 com_github_bouni_kicad-jlcpcb-tools.store 207: Part MX65 does not exist in the database and will be created from the board.
11:51:02 com_github_bouni_kicad-jlcpcb-tools.store 231: Part MX19 is already in the database but value, footprint, bom or pos values changed in the board file, part will be updated, lcsc overwritten/cleared.
11:51:02 com_github_bouni_kicad-jlcpcb-tools.store 207: Part MX44 does not exist in the database and will be created from the board.
11:51:02 com_github_bouni_kicad-jlcpcb-tools.store 207: Part MX47 does not exist in the database and will be created from the board.
11:51:02 com_github_bouni_kicad-jlcpcb-tools.store 207: Part MX56 does not exist in the database and will be created from the board.
11:51:02 com_github_bouni_kicad-jlcpcb-tools.store 207: Part MX45 does not exist in the database and will be created from the board.
11:51:02 com_github_bouni_kicad-jlcpcb-tools.store 207: Part MX64 does not exist in the database and will be created from the board.
11:51:02 com_github_bouni_kicad-jlcpcb-tools.store 207: Part MX41 does not exist in the database and will be created from the board.
11:51:02 com_github_bouni_kicad-jlcpcb-tools.store 207: Part MX57 does not exist in the database and will be created from the board.
11:51:02 com_github_bouni_kicad-jlcpcb-tools.store 231: Part MX61 is already in the database but value, footprint, bom or pos values changed in the board file, part will be updated, lcsc overwritten/cleared.
11:51:02 com_github_bouni_kicad-jlcpcb-tools.store 207: Part MX67 does not exist in the database and will be created from the board.
11:51:02 com_github_bouni_kicad-jlcpcb-tools.store 207: Part MX39 does not exist in the database and will be created from the board.
11:51:02 com_github_bouni_kicad-jlcpcb-tools.store 231: Part MX2 is already in the database but value, footprint, bom or pos values changed in the board file, part will be updated, lcsc overwritten/cleared.
11:51:02 com_github_bouni_kicad-jlcpcb-tools.store 207: Part MX48 does not exist in the database and will be created from the board.
11:51:02 com_github_bouni_kicad-jlcpcb-tools.store 231: Part MX3 is already in the database but value, footprint, bom or pos values changed in the board file, part will be updated, lcsc overwritten/cleared.
11:51:02 com_github_bouni_kicad-jlcpcb-tools.store 231: Part MX58 is already in the database but value, footprint, bom or pos values changed in the board file, part will be updated, lcsc overwritten/cleared.
11:51:02 com_github_bouni_kicad-jlcpcb-tools.store 207: Part MX40 does not exist in the database and will be created from the board.
11:51:02 com_github_bouni_kicad-jlcpcb-tools.store 231: Part MX35 is already in the database but value, footprint, bom or pos values changed in the board file, part will be updated, lcsc overwritten/cleared.
11:51:02 com_github_bouni_kicad-jlcpcb-tools.store 207: Part MX54 does not exist in the database and will be created from the board.
11:51:02 com_github_bouni_kicad-jlcpcb-tools.store 207: Part MX46 does not exist in the database and will be created from the board.
11:51:02 com_github_bouni_kicad-jlcpcb-tools.store 207: Part MX59 does not exist in the database and will be created from the board.
11:51:02 com_github_bouni_kicad-jlcpcb-tools.store 207: Part MX63 does not exist in the database and will be created from the board.
11:51:02 com_github_bouni_kicad-jlcpcb-tools.store 207: Part MX68 does not exist in the database and will be created from the board.
11:51:02 com_github_bouni_kicad-jlcpcb-tools.store 207: Part MX66 does not exist in the database and will be created from the board.
11:51:02 com_github_bouni_kicad-jlcpcb-tools.store 207: Part MX62 does not exist in the database and will be created from the board.
11:51:02 com_github_bouni_kicad-jlcpcb-tools.store 231: Part MX31 is already in the database but value, footprint, bom or pos values changed in the board file, part will be updated, lcsc overwritten/cleared.
11:51:02 com_github_bouni_kicad-jlcpcb-tools.store 207: Part MX55 does not exist in the database and will be created from the board.
11:51:02 com_github_bouni_kicad-jlcpcb-tools.store 207: Part MX52 does not exist in the database and will be created from the board.
11:51:02 com_github_bouni_kicad-jlcpcb-tools.store 207: Part MX51 does not exist in the database and will be created from the board.
11:51:02 com_github_bouni_kicad-jlcpcb-tools.store 231: Part MX60 is already in the database but value, footprint, bom or pos values changed in the board file, part will be updated, lcsc overwritten/cleared.
11:51:02 com_github_bouni_kicad-jlcpcb-tools.store 231: Part MX4 is already in the database but value, footprint, bom or pos values changed in the board file, part will be updated, lcsc overwritten/cleared.
11:51:02 com_github_bouni_kicad-jlcpcb-tools.store 207: Part MX50 does not exist in the database and will be created from the board.
11:51:02 com_github_bouni_kicad-jlcpcb-tools.store 207: Part MX42 does not exist in the database and will be created from the board.
11:51:02 com_github_bouni_kicad-jlcpcb-tools.store 207: Part MX43 does not exist in the database and will be created from the board.
11:51:02 com_github_bouni_kicad-jlcpcb-tools.store 207: Part D46 does not exist in the database and will be created from the board.
11:51:02 com_github_bouni_kicad-jlcpcb-tools.store 207: Part D53 does not exist in the database and will be created from the board.
11:51:02 com_github_bouni_kicad-jlcpcb-tools.store 207: Part D56 does not exist in the database and will be created from the board.
11:51:02 com_github_bouni_kicad-jlcpcb-tools.store 207: Part D68 does not exist in the database and will be created from the board.
11:51:02 com_github_bouni_kicad-jlcpcb-tools.store 207: Part D67 does not exist in the database and will be created from the board.
11:51:02 com_github_bouni_kicad-jlcpcb-tools.store 207: Part D51 does not exist in the database and will be created from the board.
11:51:02 com_github_bouni_kicad-jlcpcb-tools.store 207: Part D41 does not exist in the database and will be created from the board.
11:51:02 com_github_bouni_kicad-jlcpcb-tools.store 207: Part D59 does not exist in the database and will be created from the board.
11:51:02 com_github_bouni_kicad-jlcpcb-tools.store 207: Part D57 does not exist in the database and will be created from the board.
11:51:02 com_github_bouni_kicad-jlcpcb-tools.store 207: Part D50 does not exist in the database and will be created from the board.
11:51:02 com_github_bouni_kicad-jlcpcb-tools.store 207: Part D40 does not exist in the database and will be created from the board.
11:51:02 com_github_bouni_kicad-jlcpcb-tools.store 207: Part D42 does not exist in the database and will be created from the board.
11:51:02 com_github_bouni_kicad-jlcpcb-tools.store 207: Part D44 does not exist in the database and will be created from the board.
11:51:02 com_github_bouni_kicad-jlcpcb-tools.store 207: Part D63 does not exist in the database and will be created from the board.
11:51:02 com_github_bouni_kicad-jlcpcb-tools.store 207: Part D52 does not exist in the database and will be created from the board.
11:51:02 com_github_bouni_kicad-jlcpcb-tools.store 207: Part D61 does not exist in the database and will be created from the board.
11:51:02 com_github_bouni_kicad-jlcpcb-tools.store 207: Part D60 does not exist in the database and will be created from the board.
11:51:02 com_github_bouni_kicad-jlcpcb-tools.store 207: Part D66 does not exist in the database and will be created from the board.
11:51:02 com_github_bouni_kicad-jlcpcb-tools.store 207: Part D49 does not exist in the database and will be created from the board.
11:51:02 com_github_bouni_kicad-jlcpcb-tools.store 207: Part D62 does not exist in the database and will be created from the board.
11:51:02 com_github_bouni_kicad-jlcpcb-tools.store 207: Part D64 does not exist in the database and will be created from the board.
11:51:02 com_github_bouni_kicad-jlcpcb-tools.store 207: Part D39 does not exist in the database and will be created from the board.
11:51:02 com_github_bouni_kicad-jlcpcb-tools.store 231: Part J2 is already in the database but value, footprint, bom or pos values changed in the board file, part will be updated, lcsc overwritten/cleared.
11:51:02 com_github_bouni_kicad-jlcpcb-tools.store 207: Part D47 does not exist in the database and will be created from the board.
11:51:02 com_github_bouni_kicad-jlcpcb-tools.store 207: Part D48 does not exist in the database and will be created from the board.
11:51:02 com_github_bouni_kicad-jlcpcb-tools.store 207: Part D54 does not exist in the database and will be created from the board.
11:51:02 com_github_bouni_kicad-jlcpcb-tools.store 207: Part D65 does not exist in the database and will be created from the board.
11:51:02 com_github_bouni_kicad-jlcpcb-tools.store 207: Part D43 does not exist in the database and will be created from the board.
11:51:02 com_github_bouni_kicad-jlcpcb-tools.store 207: Part D58 does not exist in the database and will be created from the board.
11:51:02 com_github_bouni_kicad-jlcpcb-tools.store 207: Part D45 does not exist in the database and will be created from the board.
11:51:02 com_github_bouni_kicad-jlcpcb-tools.store 207: Part D55 does not exist in the database and will be created from the board.
11:51:02 com_github_bouni_kicad-jlcpcb-tools.store 231: Part J1 is already in the database but value, footprint, bom or pos values changed in the board file, part will be updated, lcsc overwritten/cleared.
11:54:47 com_github_bouni_kicad-jlcpcb-tools.fabrication 228: Successfully plotted Top layer
11:54:47 com_github_bouni_kicad-jlcpcb-tools.fabrication 228: Successfully plotted Silk top
11:54:47 com_github_bouni_kicad-jlcpcb-tools.fabrication 228: Successfully plotted Mask top
11:54:47 com_github_bouni_kicad-jlcpcb-tools.fabrication 228: Successfully plotted Paste top
11:54:47 com_github_bouni_kicad-jlcpcb-tools.fabrication 228: Successfully plotted Bottom layer
11:54:47 com_github_bouni_kicad-jlcpcb-tools.fabrication 228: Successfully plotted Silk top
11:54:47 com_github_bouni_kicad-jlcpcb-tools.fabrication 228: Successfully plotted Mask bottom
11:54:47 com_github_bouni_kicad-jlcpcb-tools.fabrication 228: Successfully plotted Paste bottom
11:54:47 com_github_bouni_kicad-jlcpcb-tools.fabrication 228: Successfully plotted Edges
11:54:47 com_github_bouni_kicad-jlcpcb-tools.fabrication 228: Successfully plotted V score cut
11:54:47 com_github_bouni_kicad-jlcpcb-tools.fabrication 243: Finished generating Excellon files
11:54:47 com_github_bouni_kicad-jlcpcb-tools.fabrication 255: Finished generating ZIP file
11:54:47 com_github_bouni_kicad-jlcpcb-tools.fabrication 285: Finished generating CPL file
11:54:47 com_github_bouni_kicad-jlcpcb-tools.fabrication 297: Finished generating BOM file
